c:\dev\cpp\console-rpg\console-rpg\debug\vc142.pdb
c:\dev\cpp\console-rpg\console-rpg\debug\vc142.idb
c:\dev\cpp\console-rpg\console-rpg\debug\wiz.nativecodeanalysis.sarif
c:\dev\cpp\console-rpg\console-rpg\debug\wiz.nativecodeanalysis.xml
c:\dev\cpp\console-rpg\console-rpg\debug\weapon.nativecodeanalysis.sarif
c:\dev\cpp\console-rpg\console-rpg\debug\weapon.nativecodeanalysis.xml
c:\dev\cpp\console-rpg\console-rpg\debug\store.nativecodeanalysis.sarif
c:\dev\cpp\console-rpg\console-rpg\debug\store.nativecodeanalysis.xml
c:\dev\cpp\console-rpg\console-rpg\debug\random.nativecodeanalysis.sarif
c:\dev\cpp\console-rpg\console-rpg\debug\random.nativecodeanalysis.xml
c:\dev\cpp\console-rpg\console-rpg\debug\potion.nativecodeanalysis.sarif
c:\dev\cpp\console-rpg\console-rpg\debug\potion.nativecodeanalysis.xml
c:\dev\cpp\console-rpg\console-rpg\debug\player.nativecodeanalysis.sarif
c:\dev\cpp\console-rpg\console-rpg\debug\player.nativecodeanalysis.xml
c:\dev\cpp\console-rpg\console-rpg\debug\monster.nativecodeanalysis.sarif
c:\dev\cpp\console-rpg\console-rpg\debug\monster.nativecodeanalysis.xml
c:\dev\cpp\console-rpg\console-rpg\debug\map.nativecodeanalysis.sarif
c:\dev\cpp\console-rpg\console-rpg\debug\map.nativecodeanalysis.xml
c:\dev\cpp\console-rpg\console-rpg\debug\magic.nativecodeanalysis.sarif
c:\dev\cpp\console-rpg\console-rpg\debug\magic.nativecodeanalysis.xml
c:\dev\cpp\console-rpg\console-rpg\debug\game.nativecodeanalysis.sarif
c:\dev\cpp\console-rpg\console-rpg\debug\game.nativecodeanalysis.xml
c:\dev\cpp\console-rpg\console-rpg\debug\debug_mode.nativecodeanalysis.sarif
c:\dev\cpp\console-rpg\console-rpg\debug\debug_mode.nativecodeanalysis.xml
c:\dev\cpp\console-rpg\console-rpg\debug\armor.nativecodeanalysis.sarif
c:\dev\cpp\console-rpg\console-rpg\debug\armor.nativecodeanalysis.xml
c:\dev\cpp\console-rpg\console-rpg\debug\armor.obj
c:\dev\cpp\console-rpg\console-rpg\debug\debug_mode.obj
c:\dev\cpp\console-rpg\console-rpg\debug\game.obj
c:\dev\cpp\console-rpg\console-rpg\debug\magic.obj
c:\dev\cpp\console-rpg\console-rpg\debug\map.obj
c:\dev\cpp\console-rpg\console-rpg\debug\monster.obj
c:\dev\cpp\console-rpg\console-rpg\debug\player.obj
c:\dev\cpp\console-rpg\console-rpg\debug\potion.obj
c:\dev\cpp\console-rpg\console-rpg\debug\random.obj
c:\dev\cpp\console-rpg\console-rpg\debug\store.obj
c:\dev\cpp\console-rpg\console-rpg\debug\weapon.obj
c:\dev\cpp\console-rpg\console-rpg\debug\wiz.obj
c:\dev\cpp\console-rpg\debug\console-rpg.ilk
c:\dev\cpp\console-rpg\debug\console-rpg.exe
c:\dev\cpp\console-rpg\debug\console-rpg.pdb
c:\dev\cpp\console-rpg\console-rpg\debug\nativecodeanalysis.read.1.tlog
c:\dev\cpp\console-rpg\console-rpg\debug\vc.nativecodeanalysis.all.xml
c:\dev\cpp\console-rpg\debug\console-rpg.exe.lastcodeanalysissucceeded
c:\dev\cpp\console-rpg\console-rpg\debug\console-rpg.tlog\cl.command.1.tlog
c:\dev\cpp\console-rpg\console-rpg\debug\console-rpg.tlog\cl.read.1.tlog
c:\dev\cpp\console-rpg\console-rpg\debug\console-rpg.tlog\cl.write.1.tlog
c:\dev\cpp\console-rpg\console-rpg\debug\console-rpg.tlog\link.command.1.tlog
c:\dev\cpp\console-rpg\console-rpg\debug\console-rpg.tlog\link.read.1.tlog
c:\dev\cpp\console-rpg\console-rpg\debug\console-rpg.tlog\link.write.1.tlog
